<?xml version="1.0" encoding="UTF-8" standalone="no"?>
<!DOCTYPE log SYSTEM "logger.dtd">
<log>
<record>
  <date>2024-02-21T13:42:55.378-0300</date>
  <logger>CRISTIAN ALVES DA SILVA</logger>
  <level>FINE</level>
  <message>File 119211092-CRISTIAN ALVES DA SILVA.zip was received. It was sent by CRISTIAN ALVES DA SILVA from IP 150.165.74.76 at 21-02-2024 13*42*55</message>
</record>
</log>
<?xml version="1.0" encoding="UTF-8" standalone="no"?>
<!DOCTYPE log SYSTEM "logger.dtd">
<log>
<record>
  <date>2024-02-21T13:44:19.786-0300</date>
  <logger>CRISTIAN ALVES DA SILVA</logger>
  <level>FINE</level>
  <message>File 119211092-CRISTIAN ALVES DA SILVA.zip was received. It was sent by CRISTIAN ALVES DA SILVA from IP 150.165.74.76 at 21-02-2024 13*44*19</message>
</record>
</log>
<?xml version="1.0" encoding="UTF-8" standalone="no"?>
<!DOCTYPE log SYSTEM "logger.dtd">
<log>
<record>
  <date>2024-02-23T09:42:30.633-0300</date>
  <logger>CRISTIAN ALVES DA SILVA</logger>
  <level>FINE</level>
  <message>File 119211092-CRISTIAN ALVES DA SILVA.zip was received. It was sent by CRISTIAN ALVES DA SILVA from IP 150.165.74.56 at 23-02-2024 09*42*30</message>
</record>
